Unity Editor version:    2021.3.10f1 (1c7d0df0160b)
Branch:                  2021.3/staging
Build type:              Release
Batch mode:              YES
macOS version:           Version 12.6 (Build 21G115)
Darwin version:          21.6.0
Architecture:            x86_64
Running under Rosetta:   NO
Available memory:        16384 MB
Using pre-set license
Pro License: YES

COMMAND LINE ARGUMENTS:
/Applications/Unity/Hub/Editor/2021.3.10f1/Unity.app/Contents/MacOS/Unity
-adb2
-batchMode
-noUpm
-name
AssetImportWorker0
-projectPath
/Users/lacarreta/Documents/GitHub/Darwin
-logFile
Logs/AssetImportWorker0.log
-srvPort
56487
Successfully changed project path to: /Users/lacarreta/Documents/GitHub/Darwin
/Users/lacarreta/Documents/GitHub/Darwin
[UnityMemory] Configuration Parameters - Can be set up in boot.config
    "memorysetup-bucket-allocator-granularity=16"
    "memorysetup-bucket-allocator-bucket-count=8"
    "memorysetup-bucket-allocator-block-size=33554432"
    "memorysetup-bucket-allocator-block-count=8"
    "memorysetup-main-allocator-block-size=16777216"
    "memorysetup-thread-allocator-block-size=16777216"
    "memorysetup-gfx-main-allocator-block-size=16777216"
    "memorysetup-gfx-thread-allocator-block-size=16777216"
    "memorysetup-cache-allocator-block-size=4194304"
    "memorysetup-typetree-allocator-block-size=2097152"
    "memorysetup-profiler-bucket-allocator-granularity=16"
    "memorysetup-profiler-bucket-allocator-bucket-count=8"
    "memorysetup-profiler-bucket-allocator-block-size=33554432"
    "memorysetup-profiler-bucket-allocator-block-count=8"
    "memorysetup-profiler-allocator-block-size=16777216"
    "memorysetup-profiler-editor-allocator-block-size=1048576"
    "memorysetup-temp-allocator-size-main=16777216"
    "memorysetup-job-temp-allocator-block-size=2097152"
    "memorysetup-job-temp-allocator-block-size-background=1048576"
    "memorysetup-job-temp-allocator-reduction-small-platforms=262144"
    "memorysetup-temp-allocator-size-background-worker=32768"
    "memorysetup-temp-allocator-size-job-worker=262144"
    "memorysetup-temp-allocator-size-preload-manager=33554432"
    "memorysetup-temp-allocator-size-nav-mesh-worker=65536"
    "memorysetup-temp-allocator-size-audio-worker=65536"
    "memorysetup-temp-allocator-size-cloud-worker=32768"
    "memorysetup-temp-allocator-size-gi-baking-worker=262144"
    "memorysetup-temp-allocator-size-gfx=262144"
Refreshing native plugins compatible for Editor in 118.22 ms, found 2 plugins.
Preloading 0 native plugins for Editor in 0.00 ms.
Initialize engine version: 2021.3.10f1 (1c7d0df0160b)
[Subsystems] Discovering subsystems at path /Applications/Unity/Hub/Editor/2021.3.10f1/Unity.app/Contents/Resources/UnitySubsystems
[Subsystems] Discovering subsystems at path /Users/lacarreta/Documents/GitHub/Darwin/Assets
GfxDevice: creating device client; threaded=0; jobified=0
Color LCD preferred device: Intel Iris Pro Graphics (low power)
Metal devices available: 1
0: Intel Iris Pro Graphics (low power)
Using device Intel Iris Pro Graphics (low power)
Initializing Metal device caps: Intel Iris Pro Graphics
Initialize mono
Mono path[0] = '/Applications/Unity/Hub/Editor/2021.3.10f1/Unity.app/Contents/Managed'
Mono path[1] = '/Applications/Unity/Hub/Editor/2021.3.10f1/Unity.app/Contents/MonoBleedingEdge/lib/mono/unityjit-macos'
Mono config path = '/Applications/Unity/Hub/Editor/2021.3.10f1/Unity.app/Contents/MonoBleedingEdge/etc'
Using monoOptions --debugger-agent=transport=dt_socket,embedding=1,server=y,suspend=n,address=127.0.0.1:56088
Begin MonoManager ReloadAssembly
Registering precompiled unity dll's ...
Register platform support module: /Applications/Unity/Hub/Editor/2021.3.10f1/PlaybackEngines/WebGLSupport/UnityEditor.WebGL.Extensions.dll
Register platform support module: /Applications/Unity/Hub/Editor/2021.3.10f1/Unity.app/Contents/PlaybackEngines/MacStandaloneSupport/UnityEditor.OSXStandalone.Extensions.dll
Registered in 0.001039 seconds.
Native extension for OSXStandalone target not found
Native extension for WebGL target not found
Refreshing native plugins compatible for Editor in 123.42 ms, found 2 plugins.
Preloading 0 native plugins for Editor in 0.00 ms.
Mono: successfully reloaded assembly
- Completed reload, in  0.902 seconds
Domain Reload Profiling:
	ReloadAssembly (902ms)
		BeginReloadAssembly (82ms)
			ExecutionOrderSort (0ms)
			DisableScriptedObjects (0ms)
			BackupInstance (0ms)
			ReleaseScriptingObjects (0ms)
			CreateAndSetChildDomain (1ms)
		EndReloadAssembly (667ms)
			LoadAssemblies (81ms)
			RebuildTransferFunctionScriptingTraits (0ms)
			SetupTypeCache (163ms)
			ReleaseScriptCaches (0ms)
			RebuildScriptCaches (44ms)
			SetupLoadedEditorAssemblies (398ms)
				LogAssemblyErrors (0ms)
				InitializePlatformSupportModulesInManaged (9ms)
				SetLoadedEditorAssemblies (0ms)
				RefreshPlugins (124ms)
				BeforeProcessingInitializeOnLoad (2ms)
				ProcessInitializeOnLoadAttributes (205ms)
				ProcessInitializeOnLoadMethodAttributes (59ms)
				AfterProcessingInitializeOnLoad (0ms)
				EditorAssembliesLoaded (0ms)
			ExecutionOrderSort2 (0ms)
			AwakeInstancesAfterBackupRestoration (0ms)
Platform modules already initialized, skipping
Registering precompiled user dll's ...
Registered in 0.002564 seconds.
Begin MonoManager ReloadAssembly
Symbol file LoadedFromMemory doesn't match image /Users/lacarreta/Documents/GitHub/Darwin/Library/PackageCache/com.unity.visualscripting@1.7.8/Editor/VisualScripting.Core/Dependencies/YamlDotNet/Unity.VisualScripting.YamlDotNet.dll
Symbol file LoadedFromMemory doesn't match image /Users/lacarreta/Documents/GitHub/Darwin/Library/PackageCache/com.unity.visualscripting@1.7.8/Editor/VisualScripting.Core/Dependencies/DotNetZip/Unity.VisualScripting.IonicZip.dll
Native extension for OSXStandalone target not found
Native extension for WebGL target not found
Refreshing native plugins compatible for Editor in 0.92 ms, found 2 plugins.
Preloading 0 native plugins for Editor in 0.00 ms.
Mono: successfully reloaded assembly
- Completed reload, in  1.705 seconds
Domain Reload Profiling:
	ReloadAssembly (1706ms)
		BeginReloadAssembly (151ms)
			ExecutionOrderSort (0ms)
			DisableScriptedObjects (8ms)
			BackupInstance (0ms)
			ReleaseScriptingObjects (0ms)
			CreateAndSetChildDomain (31ms)
		EndReloadAssembly (1351ms)
			LoadAssemblies (112ms)
			RebuildTransferFunctionScriptingTraits (0ms)
			SetupTypeCache (520ms)
			ReleaseScriptCaches (2ms)
			RebuildScriptCaches (97ms)
			SetupLoadedEditorAssemblies (541ms)
				LogAssemblyErrors (0ms)
				InitializePlatformSupportModulesInManaged (9ms)
				SetLoadedEditorAssemblies (1ms)
				RefreshPlugins (1ms)
				BeforeProcessingInitializeOnLoad (126ms)
				ProcessInitializeOnLoadAttributes (364ms)
				ProcessInitializeOnLoadMethodAttributes (38ms)
				AfterProcessingInitializeOnLoad (1ms)
				EditorAssembliesLoaded (0ms)
			ExecutionOrderSort2 (0ms)
			AwakeInstancesAfterBackupRestoration (5ms)
Platform modules already initialized, skipping
========================================================================
Worker process is ready to serve import requests
Launching external process: /Applications/Unity/Hub/Editor/2021.3.10f1/Unity.app/Contents/Tools/UnityShaderCompiler
Launched and connected shader compiler UnityShaderCompiler after 0.08 seconds
Refreshing native plugins compatible for Editor in 0.71 ms, found 2 plugins.
Preloading 0 native plugins for Editor in 0.00 ms.
Unloading 3441 Unused Serialized files (Serialized files now loaded: 0)
Unloading 26 unused Assets / (74.2 KB). Loaded Objects now: 3926.
Memory consumption went from 254.8 MB to 254.7 MB.
Total: 4.106832 ms (FindLiveObjects: 0.337834 ms CreateObjectMapping: 0.147720 ms MarkObjects: 3.475911 ms  DeleteObjects: 0.144232 ms)

AssetImportParameters requested are different than current active one (requested -> active):
  custom:video-decoder-ogg-theora: a1e56fd34408186e4bbccfd4996cb3dc -> 
  custom:container-muxer-webm: aa71ff27fc2769a1b78a27578f13a17b -> 
  custom:container-demuxer-webm: 4f35f7cbe854078d1ac9338744f61a02 -> 
  custom:video-encoder-webm-vp8: eb34c28f22e8b96e1ab97ce403110664 -> 
  custom:framework-osx-AVFoundation: e770b220cccbd017edd2c1fefb359320 -> 
  custom:audio-encoder-webm-vorbis: bf7c407c2cedff20999df2af8eb42d56 -> 
  custom:container-demuxer-ogg: 62fdf1f143b41e24485cea50d1cbac27 -> 
  custom:video-decoder-webm-vp8: 9c59270c3fd7afecdb556c50c9e8de78 -> 
  custom:audio-decoder-ogg-vorbis: bf7c407c2cedff20999df2af8eb42d56 -> 
========================================================================
Received Import Request.
  Time since last request: 35704.504054 seconds.
  path: Assets/Prefabs/special1.prefab
  artifactKey: Guid(5540b593b2a4246a58de2df7ff085644) Importer(815301076,1909f56bfc062723c751e8b465ee728b)
Start importing Assets/Prefabs/special1.prefab using Guid(5540b593b2a4246a58de2df7ff085644) Importer(815301076,1909f56bfc062723c751e8b465ee728b)  -> (artifact id: '86c535bf648acb99268c1bf1fe3bdebf') in 1.036911 seconds 
========================================================================
Received Import Request.
  Time since last request: 10.088321 seconds.
  path: Assets/Prefabs/special1.prefab
  artifactKey: Guid(5540b593b2a4246a58de2df7ff085644) Importer(815301076,1909f56bfc062723c751e8b465ee728b)
Start importing Assets/Prefabs/special1.prefab using Guid(5540b593b2a4246a58de2df7ff085644) Importer(815301076,1909f56bfc062723c751e8b465ee728b)  -> (artifact id: 'dd85cc2fa7a179a023bc1ec80278a58c') in 0.033150 seconds 
========================================================================
Received Import Request.
  Time since last request: 19.507008 seconds.
  path: Assets/Prefabs/special1.prefab
  artifactKey: Guid(5540b593b2a4246a58de2df7ff085644) Importer(815301076,1909f56bfc062723c751e8b465ee728b)
Start importing Assets/Prefabs/special1.prefab using Guid(5540b593b2a4246a58de2df7ff085644) Importer(815301076,1909f56bfc062723c751e8b465ee728b)  -> (artifact id: 'a827f777e8dd049cd50cbbbf4b453237') in 0.024837 seconds 
========================================================================
Received Prepare
Registering precompiled user dll's ...
Registered in 0.002752 seconds.
Begin MonoManager ReloadAssembly
Symbol file LoadedFromMemory doesn't match image /Users/lacarreta/Documents/GitHub/Darwin/Library/PackageCache/com.unity.visualscripting@1.7.8/Editor/VisualScripting.Core/Dependencies/YamlDotNet/Unity.VisualScripting.YamlDotNet.dll
Symbol file LoadedFromMemory doesn't match image /Users/lacarreta/Documents/GitHub/Darwin/Library/PackageCache/com.unity.visualscripting@1.7.8/Editor/VisualScripting.Core/Dependencies/DotNetZip/Unity.VisualScripting.IonicZip.dll
Native extension for OSXStandalone target not found
Native extension for WebGL target not found
Refreshing native plugins compatible for Editor in 0.75 ms, found 2 plugins.
Preloading 0 native plugins for Editor in 0.00 ms.
Mono: successfully reloaded assembly
- Completed reload, in  1.462 seconds
Domain Reload Profiling:
	ReloadAssembly (1462ms)
		BeginReloadAssembly (166ms)
			ExecutionOrderSort (0ms)
			DisableScriptedObjects (7ms)
			BackupInstance (0ms)
			ReleaseScriptingObjects (0ms)
			CreateAndSetChildDomain (60ms)
		EndReloadAssembly (1162ms)
			LoadAssemblies (85ms)
			RebuildTransferFunctionScriptingTraits (0ms)
			SetupTypeCache (408ms)
			ReleaseScriptCaches (2ms)
			RebuildScriptCaches (63ms)
			SetupLoadedEditorAssemblies (528ms)
				LogAssemblyErrors (0ms)
				InitializePlatformSupportModulesInManaged (13ms)
				SetLoadedEditorAssemblies (1ms)
				RefreshPlugins (1ms)
				BeforeProcessingInitializeOnLoad (88ms)
				ProcessInitializeOnLoadAttributes (377ms)
				ProcessInitializeOnLoadMethodAttributes (47ms)
				AfterProcessingInitializeOnLoad (1ms)
				EditorAssembliesLoaded (0ms)
			ExecutionOrderSort2 (0ms)
			AwakeInstancesAfterBackupRestoration (8ms)
Platform modules already initialized, skipping
Refreshing native plugins compatible for Editor in 1.62 ms, found 2 plugins.
Preloading 0 native plugins for Editor in 0.00 ms.
Unloading 3423 Unused Serialized files (Serialized files now loaded: 0)
Unloading 20 unused Assets / (74.1 KB). Loaded Objects now: 3938.
Memory consumption went from 267.3 MB to 267.3 MB.
Total: 7.846804 ms (FindLiveObjects: 0.465581 ms CreateObjectMapping: 0.404560 ms MarkObjects: 6.842175 ms  DeleteObjects: 0.133068 ms)

AssetImportParameters requested are different than current active one (requested -> active):
  custom:video-decoder-ogg-theora: a1e56fd34408186e4bbccfd4996cb3dc -> 
  custom:container-muxer-webm: aa71ff27fc2769a1b78a27578f13a17b -> 
  custom:container-demuxer-webm: 4f35f7cbe854078d1ac9338744f61a02 -> 
  custom:video-encoder-webm-vp8: eb34c28f22e8b96e1ab97ce403110664 -> 
  custom:framework-osx-AVFoundation: e770b220cccbd017edd2c1fefb359320 -> 
  custom:audio-encoder-webm-vorbis: bf7c407c2cedff20999df2af8eb42d56 -> 
  custom:container-demuxer-ogg: 62fdf1f143b41e24485cea50d1cbac27 -> 
  custom:video-decoder-webm-vp8: 9c59270c3fd7afecdb556c50c9e8de78 -> 
  custom:audio-decoder-ogg-vorbis: bf7c407c2cedff20999df2af8eb42d56 -> 
========================================================================
Received Import Request.
  Time since last request: 46.769557 seconds.
  path: Assets/Prefabs/special1.prefab
  artifactKey: Guid(5540b593b2a4246a58de2df7ff085644) Importer(815301076,1909f56bfc062723c751e8b465ee728b)
Start importing Assets/Prefabs/special1.prefab using Guid(5540b593b2a4246a58de2df7ff085644) Importer(815301076,1909f56bfc062723c751e8b465ee728b)  -> (artifact id: '416da6d9199e1221831ea3988bedce39') in 0.106661 seconds 
========================================================================
Received Import Request.
  Time since last request: 5.475117 seconds.
  path: Assets/Prefabs/special1.prefab
  artifactKey: Guid(5540b593b2a4246a58de2df7ff085644) Importer(815301076,1909f56bfc062723c751e8b465ee728b)
Start importing Assets/Prefabs/special1.prefab using Guid(5540b593b2a4246a58de2df7ff085644) Importer(815301076,1909f56bfc062723c751e8b465ee728b)  -> (artifact id: '11922dbbbb6f8c3cdc92312abf111b8f') in 0.025082 seconds 
========================================================================
Received Import Request.
  Time since last request: 10.823912 seconds.
  path: Assets/Prefabs/special1.prefab
  artifactKey: Guid(5540b593b2a4246a58de2df7ff085644) Importer(815301076,1909f56bfc062723c751e8b465ee728b)
Start importing Assets/Prefabs/special1.prefab using Guid(5540b593b2a4246a58de2df7ff085644) Importer(815301076,1909f56bfc062723c751e8b465ee728b)  -> (artifact id: '7cc17ea0a99fd6c6dfc4706e70169f01') in 0.033205 seconds 
========================================================================
Received Import Request.
  Time since last request: 1.958120 seconds.
  path: Assets/Prefabs/special1.prefab
  artifactKey: Guid(5540b593b2a4246a58de2df7ff085644) Importer(815301076,1909f56bfc062723c751e8b465ee728b)
Start importing Assets/Prefabs/special1.prefab using Guid(5540b593b2a4246a58de2df7ff085644) Importer(815301076,1909f56bfc062723c751e8b465ee728b)  -> (artifact id: '638b16a72f23f3d1bdeb7f3497d3bd98') in 0.029246 seconds 
========================================================================
Received Import Request.
  Time since last request: 14.444902 seconds.
  path: Assets/Prefabs/special1.prefab
  artifactKey: Guid(5540b593b2a4246a58de2df7ff085644) Importer(815301076,1909f56bfc062723c751e8b465ee728b)
Start importing Assets/Prefabs/special1.prefab using Guid(5540b593b2a4246a58de2df7ff085644) Importer(815301076,1909f56bfc062723c751e8b465ee728b)  -> (artifact id: 'c054a315aef2e2f3720229a9f3ff3ca4') in 0.023092 seconds 
========================================================================
Received Import Request.
  Time since last request: 39.631392 seconds.
  path: Assets/Prefabs/special1.prefab
  artifactKey: Guid(5540b593b2a4246a58de2df7ff085644) Importer(815301076,1909f56bfc062723c751e8b465ee728b)
Start importing Assets/Prefabs/special1.prefab using Guid(5540b593b2a4246a58de2df7ff085644) Importer(815301076,1909f56bfc062723c751e8b465ee728b)  -> (artifact id: '4b09359a70f611210fb16eec51bbd4bf') in 0.039523 seconds 
========================================================================
Received Import Request.
  Time since last request: 2.563696 seconds.
  path: Assets/Prefabs/special1.prefab
  artifactKey: Guid(5540b593b2a4246a58de2df7ff085644) Importer(815301076,1909f56bfc062723c751e8b465ee728b)
Start importing Assets/Prefabs/special1.prefab using Guid(5540b593b2a4246a58de2df7ff085644) Importer(815301076,1909f56bfc062723c751e8b465ee728b)  -> (artifact id: '575b2b38bed985062c3aa5d022f5ce10') in 0.035543 seconds 
========================================================================
Received Import Request.
  Time since last request: 4.593907 seconds.
  path: Assets/Prefabs/special1.prefab
  artifactKey: Guid(5540b593b2a4246a58de2df7ff085644) Importer(815301076,1909f56bfc062723c751e8b465ee728b)
Start importing Assets/Prefabs/special1.prefab using Guid(5540b593b2a4246a58de2df7ff085644) Importer(815301076,1909f56bfc062723c751e8b465ee728b)  -> (artifact id: 'fd75f7b1e2a1d4be5a81bef3d8d52bb5') in 0.038588 seconds 
========================================================================
Received Import Request.
  Time since last request: 1.769080 seconds.
  path: Assets/Prefabs/special1.prefab
  artifactKey: Guid(5540b593b2a4246a58de2df7ff085644) Importer(815301076,1909f56bfc062723c751e8b465ee728b)
Start importing Assets/Prefabs/special1.prefab using Guid(5540b593b2a4246a58de2df7ff085644) Importer(815301076,1909f56bfc062723c751e8b465ee728b)  -> (artifact id: '86f1f55fa8bc79dffbfe11e6cb3967e2') in 0.036023 seconds 
========================================================================
Received Import Request.
  Time since last request: 2.173249 seconds.
  path: Assets/Prefabs/special1.prefab
  artifactKey: Guid(5540b593b2a4246a58de2df7ff085644) Importer(815301076,1909f56bfc062723c751e8b465ee728b)
Start importing Assets/Prefabs/special1.prefab using Guid(5540b593b2a4246a58de2df7ff085644) Importer(815301076,1909f56bfc062723c751e8b465ee728b)  -> (artifact id: '84c09697e21a54d72d1836e995b0bba6') in 0.040542 seconds 
========================================================================
Received Import Request.
  Time since last request: 1.166898 seconds.
  path: Assets/Prefabs/special1.prefab
  artifactKey: Guid(5540b593b2a4246a58de2df7ff085644) Importer(815301076,1909f56bfc062723c751e8b465ee728b)
Start importing Assets/Prefabs/special1.prefab using Guid(5540b593b2a4246a58de2df7ff085644) Importer(815301076,1909f56bfc062723c751e8b465ee728b)  -> (artifact id: '02099c9ec92e58b7dfd34f41fe2eca2d') in 0.037497 seconds 
========================================================================
Received Import Request.
  Time since last request: 2.860714 seconds.
  path: Assets/Prefabs/special1.prefab
  artifactKey: Guid(5540b593b2a4246a58de2df7ff085644) Importer(815301076,1909f56bfc062723c751e8b465ee728b)
Start importing Assets/Prefabs/special1.prefab using Guid(5540b593b2a4246a58de2df7ff085644) Importer(815301076,1909f56bfc062723c751e8b465ee728b)  -> (artifact id: '9d908e5c8472bb4aca16b86ba42e27ae') in 0.027668 seconds 
========================================================================
Received Import Request.
  Time since last request: 101.809481 seconds.
  path: Assets/Prefabs/special1.prefab
  artifactKey: Guid(5540b593b2a4246a58de2df7ff085644) Importer(815301076,1909f56bfc062723c751e8b465ee728b)
Start importing Assets/Prefabs/special1.prefab using Guid(5540b593b2a4246a58de2df7ff085644) Importer(815301076,1909f56bfc062723c751e8b465ee728b)  -> (artifact id: 'beacbdf35715e0d13bb28ea4fb946dd6') in 0.018626 seconds 
========================================================================
Received Prepare
Registering precompiled user dll's ...
Registered in 0.002587 seconds.
Begin MonoManager ReloadAssembly
Symbol file LoadedFromMemory doesn't match image /Users/lacarreta/Documents/GitHub/Darwin/Library/PackageCache/com.unity.visualscripting@1.7.8/Editor/VisualScripting.Core/Dependencies/YamlDotNet/Unity.VisualScripting.YamlDotNet.dll
Symbol file LoadedFromMemory doesn't match image /Users/lacarreta/Documents/GitHub/Darwin/Library/PackageCache/com.unity.visualscripting@1.7.8/Editor/VisualScripting.Core/Dependencies/DotNetZip/Unity.VisualScripting.IonicZip.dll
Native extension for OSXStandalone target not found
Native extension for WebGL target not found
Refreshing native plugins compatible for Editor in 0.73 ms, found 2 plugins.
Preloading 0 native plugins for Editor in 0.00 ms.
Mono: successfully reloaded assembly
- Completed reload, in  1.502 seconds
Domain Reload Profiling:
	ReloadAssembly (1502ms)
		BeginReloadAssembly (168ms)
			ExecutionOrderSort (0ms)
			DisableScriptedObjects (7ms)
			BackupInstance (0ms)
			ReleaseScriptingObjects (0ms)
			CreateAndSetChildDomain (64ms)
		EndReloadAssembly (1200ms)
			LoadAssemblies (86ms)
			RebuildTransferFunctionScriptingTraits (0ms)
			SetupTypeCache (449ms)
			ReleaseScriptCaches (2ms)
			RebuildScriptCaches (66ms)
			SetupLoadedEditorAssemblies (520ms)
				LogAssemblyErrors (0ms)
				InitializePlatformSupportModulesInManaged (13ms)
				SetLoadedEditorAssemblies (1ms)
				RefreshPlugins (1ms)
				BeforeProcessingInitializeOnLoad (82ms)
				ProcessInitializeOnLoadAttributes (378ms)
				ProcessInitializeOnLoadMethodAttributes (44ms)
				AfterProcessingInitializeOnLoad (2ms)
				EditorAssembliesLoaded (0ms)
			ExecutionOrderSort2 (0ms)
			AwakeInstancesAfterBackupRestoration (6ms)
Platform modules already initialized, skipping
Refreshing native plugins compatible for Editor in 2.25 ms, found 2 plugins.
Preloading 0 native plugins for Editor in 0.00 ms.
Unloading 3423 Unused Serialized files (Serialized files now loaded: 0)
Unloading 20 unused Assets / (74.2 KB). Loaded Objects now: 3941.
Memory consumption went from 266.9 MB to 266.8 MB.
Total: 5.845614 ms (FindLiveObjects: 0.571396 ms CreateObjectMapping: 0.183494 ms MarkObjects: 4.962301 ms  DeleteObjects: 0.126669 ms)

AssetImportParameters requested are different than current active one (requested -> active):
  custom:video-decoder-ogg-theora: a1e56fd34408186e4bbccfd4996cb3dc -> 
  custom:container-muxer-webm: aa71ff27fc2769a1b78a27578f13a17b -> 
  custom:container-demuxer-webm: 4f35f7cbe854078d1ac9338744f61a02 -> 
  custom:video-encoder-webm-vp8: eb34c28f22e8b96e1ab97ce403110664 -> 
  custom:framework-osx-AVFoundation: e770b220cccbd017edd2c1fefb359320 -> 
  custom:audio-encoder-webm-vorbis: bf7c407c2cedff20999df2af8eb42d56 -> 
  custom:container-demuxer-ogg: 62fdf1f143b41e24485cea50d1cbac27 -> 
  custom:video-decoder-webm-vp8: 9c59270c3fd7afecdb556c50c9e8de78 -> 
  custom:audio-decoder-ogg-vorbis: bf7c407c2cedff20999df2af8eb42d56 -> 
========================================================================
Received Import Request.
  Time since last request: 30.110984 seconds.
  path: Assets/Prefabs/special1.prefab
  artifactKey: Guid(5540b593b2a4246a58de2df7ff085644) Importer(815301076,1909f56bfc062723c751e8b465ee728b)
Start importing Assets/Prefabs/special1.prefab using Guid(5540b593b2a4246a58de2df7ff085644) Importer(815301076,1909f56bfc062723c751e8b465ee728b)  -> (artifact id: '1380464dc376383193bf252d88a0d2b9') in 0.103512 seconds 
========================================================================
Received Import Request.
  Time since last request: 1.417520 seconds.
  path: Assets/Prefabs/special1.prefab
  artifactKey: Guid(5540b593b2a4246a58de2df7ff085644) Importer(815301076,1909f56bfc062723c751e8b465ee728b)
Start importing Assets/Prefabs/special1.prefab using Guid(5540b593b2a4246a58de2df7ff085644) Importer(815301076,1909f56bfc062723c751e8b465ee728b)  -> (artifact id: 'b443c9ccb5a9f3e9adb4eac6a5365b8f') in 0.032273 seconds 
AssetImportWorkerClient::OnTransportError - code=2 error=End of file
